<?xml version="1.0" encoding="UTF-8"?>
<testng-results ignored="0" total="1" passed="1" failed="0" skipped="0">
  <reporter-output>
  </reporter-output>
  <suite started-at="2022-04-15T19:37:38 BDT" name="Default suite" finished-at="2022-04-15T19:39:10 BDT" duration-ms="91855">
    <groups>
    </groups>
    <test started-at="2022-04-15T19:37:38 BDT" name="Default test" finished-at="2022-04-15T19:39:10 BDT" duration-ms="91855">
      <class name="testCasePackage.FlipkartSearch">
        <test-method is-config="true" signature="setup()[pri:0, instance:testCasePackage.FlipkartSearch@27462a88]" started-at="2022-04-15T19:37:36 BDT" name="setup" finished-at="2022-04-15T19:37:38 BDT" duration-ms="2236" status="PASS">
          <reporter-output>
          </reporter-output>
        </test-method> <!-- setup -->
        <test-method signature="locatorLearning()[pri:0, instance:testCasePackage.FlipkartSearch@27462a88]" started-at="2022-04-15T19:37:38 BDT" name="locatorLearning" finished-at="2022-04-15T19:39:10 BDT" duration-ms="91828" status="PASS">
          <reporter-output>
          </reporter-output>
        </test-method> <!-- locatorLearning -->
        <test-method is-config="true" signature="tearDown()[pri:0, instance:testCasePackage.FlipkartSearch@27462a88]" started-at="2022-04-15T19:39:10 BDT" name="tearDown" finished-at="2022-04-15T19:39:10 BDT" duration-ms="188" status="PASS">
          <reporter-output>
          </reporter-output>
        </test-method> <!-- tearDown -->
      </class> <!-- testCasePackage.FlipkartSearch -->
    </test> <!-- Default test -->
  </suite> <!-- Default suite -->
</testng-results>
